(1561397673.982782) can7 705#05
(1561397673.982786) can7 285#60000200FFFFFFFF
(1561397673.984105) can7 286#4305F77C9EC08625
(1561397674.982839) can7 705#05
(1561397675.983013) can7 705#05
(1561397676.983086) can7 705#05
(1561397676.984568) can7 285#60000200FFFFFFFF
(1561397676.984572) can7 286#430571CA4DC18625
(1561397677.983194) can7 705#05
(1561397678.983052) can7 705#05
(1561397679.983137) can7 705#05
(1561397679.983140) can7 285#60000200FFFFFFFF
(1561397679.984521) can7 286#4305BEBD80BF8625
(1561397680.983123) can7 705#05
(1561397681.983217) can7 705#05
(1561397682.983288) can7 705#05
(1561397682.984790) can7 285#60000200FFFFFFFF
(1561397682.984794) can7 285#60000200FFFFFFFF
(1561397682.985934) can7 286#43052B8B88BF8625
(1561397683.983304) can7 705#05
(1561397684.983178) can7 705#05
(1561397685.983285) can7 705#05
(1561397685.983289) can7 285#60000200FFFFFFFF
(1561397685.983291) can7 286#43055E2C97C18625
(1561397685.984747) can7 286#43055E2C97C18625
(1561397685.984763) can7 286#43055E2C97C18625
(1561397685.985858) can7 286#43055E2C97C18625
(1561397685.985862) can7 286#43055E2C97C18625
(1561397685.985864) can7 286#43055E2C97C18625
(1561397686.983381) can7 705#05
(1561397687.983461) can7 705#05
(1561397688.983489) can7 705#05
(1561397688.983506) can7 285#60000200FFFFFFFF
(1561397688.983508) can7 286#4305C4D0CCC08625
(1561397688.985008) can7 286#4305C4D0CCC08625
(1561397688.985010) can7 286#4305C4D0CCC08625
(1561397689.983400) can7 705#05
(1561397689.983403) can7 705#05
(1561397689.983405) can7 705#05
(1561397690.983469) can7 705#05
(1561397690.983472) can7 705#05
(1561397691.983417) can7 705#05
(1561397691.983421) can7 285#60000200FFFFFFFF
(1561397691.984574) can7 285#60000200FFFFFFFF
(1561397691.984578) can7 285#60000200FFFFFFFF
(1561397691.984580) can7 285#60000200FFFFFFFF
(1561397691.986079) can7 285#60000200FFFFFFFF
(1561397691.986082) can7 285#60000200FFFFFFFF
(1561397691.987180) can7 286#4305A56B5CC08625
(1561397692.983466) can7 705#05
(1561397693.983561) can7 705#05
(1561397694.983540) can7 705#05
(1561397694.983543) can7 705#05
(1561397694.983545) can7 705#05
(1561397694.984687) can7 285#60000200FFFFFFFF
(1561397694.984710) can7 286#430561DDCA3F8625
(1561397695.983512) can7 705#05
(1561397695.989403) can7 705#05
(1561397696.983716) can7 705#05
(1561397697.983716) can7 705#05
(1561397697.985224) can7 285#60000200FFFFFFFF
(1561397697.988155) can7 286#4305A4E0F1BE8625
(1561397698.983704) can7 705#05
(1561397699.983578) can7 705#05
(1561397700.983785) can7 705#05
(1561397700.985088) can7 285#60000200FFFFFFFF
(1561397700.985091) can7 286#4305B0A7ABBE8625
(1561397701.983891) can7 705#05
(1561397702.983688) can7 705#05
(1561397703.983835) can7 705#05
(1561397703.986407) can7 285#60000200FFFFFFFF
(1561397703.987754) can7 286#4305C14C08C18625
(1561397704.983741) can7 705#05
